
********************************************************************
*                                                                  *
*            LOG CONSUMO WEB SERVICE OSIRIS - EMXX              *
*                                                                  *
********************************************************************



--------------------------------------------------------------------
Fecha Hora Transacción: 2018-03-27 03:09:07
--------------------------------------------------------------------

Mensaje Enviado desde Osiris: 

'rootRecordatorios' : {
	'recordatorio' : 	{
		'0' : 		{
			
		},
		'1' : 		{
			
		},
		'2' : 		{
			
		},
	},
},

<-- Fin Transacción -->
